19:07:52.469 [main] DEBUG io.netty.util.internal.PlatformDependent0 - java.nio.Bits.unaligned: available, true
19:07:52.480 [main] DEBUG io.netty.util.internal.PlatformDependent0 - jdk.internal.misc.Unsafe.allocateUninitializedArray(int): unavailable
java.lang.IllegalAccessException: class io.netty.util.internal.PlatformDependent0$6 cannot access class jdk.internal.misc.Unsafe (in module java.base) because module java.base does not export jdk.internal.misc to unnamed module @54a097cc
	at jdk.internal.reflect.Reflection.newIllegalAccessException(Reflection.java:392) ~[?:?]
	at java.lang.reflect.AccessibleObject.checkAccess(AccessibleObject.java:674) ~[?:?]
	at java.lang.reflect.Method.invoke(Method.java:560) ~[?:?]
	at io.netty.util.internal.PlatformDependent0$6.run(PlatformDependent0.java:375) ~[netty-common-4.1.76.Final.jar:4.1.76.Final]
	at java.security.AccessController.doPrivileged(AccessController.java:318) ~[?:?]
	at io.netty.util.internal.PlatformDependent0.<clinit>(PlatformDependent0.java:366) ~[netty-common-4.1.76.Final.jar:4.1.76.Final]
	at io.netty.util.internal.PlatformDependent.isAndroid(PlatformDependent.java:294) ~[netty-common-4.1.76.Final.jar:4.1.76.Final]
	at io.netty.util.internal.PlatformDependent.<clinit>(PlatformDependent.java:88) ~[netty-common-4.1.76.Final.jar:4.1.76.Final]
	at io.netty.util.HashedWheelTimer.<init>(HashedWheelTimer.java:114) ~[netty-common-4.1.76.Final.jar:4.1.76.Final]
	at io.netty.util.HashedWheelTimer.<init>(HashedWheelTimer.java:251) ~[netty-common-4.1.76.Final.jar:4.1.76.Final]
	at io.netty.util.HashedWheelTimer.<init>(HashedWheelTimer.java:224) ~[netty-common-4.1.76.Final.jar:4.1.76.Final]
	at io.netty.util.HashedWheelTimer.<init>(HashedWheelTimer.java:203) ~[netty-common-4.1.76.Final.jar:4.1.76.Final]
	at org.asynchttpclient.DefaultAsyncHttpClient.newNettyTimer(DefaultAsyncHttpClient.java:111) ~[async-http-client-2.12.3.jar:?]
	at org.asynchttpclient.DefaultAsyncHttpClient.<init>(DefaultAsyncHttpClient.java:90) ~[async-http-client-2.12.3.jar:?]
	at org.asynchttpclient.Dsl.asyncHttpClient(Dsl.java:32) ~[async-http-client-2.12.3.jar:?]
	at org.openqa.selenium.remote.http.netty.NettyClient.createHttpClient(NettyClient.java:92) ~[selenium-remote-driver-4.1.4.jar:?]
	at org.openqa.selenium.remote.http.netty.NettyClient.<clinit>(NettyClient.java:47) ~[selenium-remote-driver-4.1.4.jar:?]
	at org.openqa.selenium.remote.http.netty.NettyClient$Factory.createClient(NettyClient.java:133) ~[selenium-remote-driver-4.1.4.jar:?]
	at org.openqa.selenium.remote.HttpCommandExecutor.<init>(HttpCommandExecutor.java:107) ~[selenium-remote-driver-4.1.4.jar:?]
	at org.openqa.selenium.remote.HttpCommandExecutor.<init>(HttpCommandExecutor.java:94) ~[selenium-remote-driver-4.1.4.jar:?]
	at org.openqa.selenium.remote.HttpCommandExecutor.<init>(HttpCommandExecutor.java:85) ~[selenium-remote-driver-4.1.4.jar:?]
	at org.openqa.selenium.remote.service.DriverCommandExecutor.<init>(DriverCommandExecutor.java:80) ~[selenium-remote-driver-4.1.4.jar:?]
	at org.openqa.selenium.chromium.ChromiumDriverCommandExecutor.<init>(ChromiumDriverCommandExecutor.java:35) ~[selenium-chromium-driver-4.1.4.jar:?]
	at org.openqa.selenium.chrome.ChromeDriver$ChromeDriverCommandExecutor.<init>(ChromeDriver.java:118) ~[selenium-chrome-driver-4.1.4.jar:?]
	at org.openqa.selenium.chrome.ChromeDriver.<init>(ChromeDriver.java:106) ~[selenium-chrome-driver-4.1.4.jar:?]
	at org.openqa.selenium.chrome.ChromeDriver.<init>(ChromeDriver.java:93) ~[selenium-chrome-driver-4.1.4.jar:?]
	at org.openqa.selenium.chrome.ChromeDriver.<init>(ChromeDriver.java:48) ~[selenium-chrome-driver-4.1.4.jar:?]
	at testBase.BaseClass.setup(BaseClass.java:24) ~[test-classes/:?]
	at jdk.internal.reflect.NativeMethodAccessorImpl.invoke0(Native Method) ~[?:?]
	at jdk.internal.reflect.NativeMethodAccessorImpl.invoke(NativeMethodAccessorImpl.java:77) ~[?:?]
	at jdk.internal.reflect.DelegatingMethodAccessorImpl.invoke(DelegatingMethodAccessorImpl.java:43) ~[?:?]
	at java.lang.reflect.Method.invoke(Method.java:568) ~[?:?]
	at org.testng.internal.MethodInvocationHelper.invokeMethod(MethodInvocationHelper.java:133) ~[org.testng_7.4.0.r202105021533.jar:7.4.0]
	at org.testng.internal.MethodInvocationHelper.invokeMethodConsideringTimeout(MethodInvocationHelper.java:62) ~[org.testng_7.4.0.r202105021533.jar:7.4.0]
	at org.testng.internal.ConfigInvoker.invokeConfigurationMethod(ConfigInvoker.java:385) ~[org.testng_7.4.0.r202105021533.jar:7.4.0]
	at org.testng.internal.ConfigInvoker.invokeConfigurations(ConfigInvoker.java:321) ~[org.testng_7.4.0.r202105021533.jar:7.4.0]
	at org.testng.internal.TestMethodWorker.invokeBeforeClassMethods(TestMethodWorker.java:176) ~[org.testng_7.4.0.r202105021533.jar:7.4.0]
	at org.testng.internal.TestMethodWorker.run(TestMethodWorker.java:122) ~[org.testng_7.4.0.r202105021533.jar:7.4.0]
	at java.util.ArrayList.forEach(ArrayList.java:1511) ~[?:?]
	at org.testng.TestRunner.privateRun(TestRunner.java:794) ~[org.testng_7.4.0.r202105021533.jar:7.4.0]
	at org.testng.TestRunner.run(TestRunner.java:596) ~[org.testng_7.4.0.r202105021533.jar:7.4.0]
	at org.testng.SuiteRunner.runTest(SuiteRunner.java:377) ~[org.testng_7.4.0.r202105021533.jar:7.4.0]
	at org.testng.SuiteRunner.runSequentially(SuiteRunner.java:371) ~[org.testng_7.4.0.r202105021533.jar:7.4.0]
	at org.testng.SuiteRunner.privateRun(SuiteRunner.java:332) ~[org.testng_7.4.0.r202105021533.jar:7.4.0]
	at org.testng.SuiteRunner.run(SuiteRunner.java:276) ~[org.testng_7.4.0.r202105021533.jar:7.4.0]
	at org.testng.SuiteRunnerWorker.runSuite(SuiteRunnerWorker.java:53) ~[org.testng_7.4.0.r202105021533.jar:7.4.0]
	at org.testng.SuiteRunnerWorker.run(SuiteRunnerWorker.java:96) ~[org.testng_7.4.0.r202105021533.jar:7.4.0]
	at org.testng.TestNG.runSuitesSequentially(TestNG.java:1212) ~[org.testng_7.4.0.r202105021533.jar:7.4.0]
	at org.testng.TestNG.runSuitesLocally(TestNG.java:1134) ~[org.testng_7.4.0.r202105021533.jar:7.4.0]
	at org.testng.TestNG.runSuites(TestNG.java:1063) ~[org.testng_7.4.0.r202105021533.jar:7.4.0]
	at org.testng.TestNG.run(TestNG.java:1031) ~[org.testng_7.4.0.r202105021533.jar:7.4.0]
	at org.testng.remote.AbstractRemoteTestNG.run(AbstractRemoteTestNG.java:115) ~[testng-remote.jar:?]
	at org.testng.remote.RemoteTestNG.initAndRun(RemoteTestNG.java:251) ~[testng-remote.jar:?]
	at org.testng.remote.RemoteTestNG.main(RemoteTestNG.java:77) ~[testng-remote.jar:?]
19:07:52.485 [main] DEBUG io.netty.util.internal.PlatformDependent0 - java.nio.DirectByteBuffer.<init>(long, int): unavailable
19:07:52.485 [main] DEBUG io.netty.util.internal.PlatformDependent - sun.misc.Unsafe: available
19:07:52.486 [main] DEBUG io.netty.util.internal.PlatformDependent - maxDirectMemory: 1589641216 bytes (maybe)
19:07:52.486 [main] DEBUG io.netty.util.internal.PlatformDependent - -Dio.netty.tmpdir: C:\Users\14044\AppData\Local\Temp (java.io.tmpdir)
19:07:52.486 [main] DEBUG io.netty.util.internal.PlatformDependent - -Dio.netty.bitMode: 64 (sun.arch.data.model)
19:07:52.487 [main] DEBUG io.netty.util.internal.PlatformDependent - Platform: Windows
19:07:52.488 [main] DEBUG io.netty.util.internal.PlatformDependent - -Dio.netty.maxDirectMemory: -1 bytes
19:07:52.488 [main] DEBUG io.netty.util.internal.PlatformDependent - -Dio.netty.uninitializedArrayAllocationThreshold: -1
19:07:52.492 [main] DEBUG io.netty.util.internal.CleanerJava9 - java.nio.ByteBuffer.cleaner(): available
19:07:52.492 [main] DEBUG io.netty.util.internal.PlatformDependent - -Dio.netty.noPreferDirect: false
19:07:52.503 [main] DEBUG io.netty.util.internal.PlatformDependent - org.jctools-core.MpscChunkedArrayQueue: available
19:07:52.536 [main] DEBUG io.netty.util.internal.InternalThreadLocalMap - -Dio.netty.threadLocalMap.stringBuilder.initialSize: 1024
19:07:52.537 [main] DEBUG io.netty.util.internal.InternalThreadLocalMap - -Dio.netty.threadLocalMap.stringBuilder.maxSize: 4096
19:07:52.615 [main] DEBUG io.netty.handler.ssl.JdkSslContext - Default protocols (JDK): [TLSv1.3, TLSv1.2] 
19:07:52.615 [main] DEBUG io.netty.handler.ssl.JdkSslContext - Default cipher suites (JDK): [TLS_ECDHE_ECDSA_WITH_AES_256_GCM_SHA384, TLS_ECDHE_ECDSA_WITH_AES_128_GCM_SHA256, TLS_ECDHE_RSA_WITH_AES_128_GCM_SHA256, TLS_ECDHE_RSA_WITH_AES_256_GCM_SHA384, TLS_ECDHE_RSA_WITH_AES_128_CBC_SHA, TLS_ECDHE_RSA_WITH_AES_256_CBC_SHA, TLS_RSA_WITH_AES_128_GCM_SHA256, TLS_RSA_WITH_AES_128_CBC_SHA, TLS_RSA_WITH_AES_256_CBC_SHA, TLS_AES_128_GCM_SHA256, TLS_AES_256_GCM_SHA384]
19:07:52.650 [main] DEBUG io.netty.channel.MultithreadEventLoopGroup - -Dio.netty.eventLoopThreads: 8
19:07:52.664 [main] DEBUG io.netty.channel.nio.NioEventLoop - -Dio.netty.noKeySetOptimization: false
19:07:52.664 [main] DEBUG io.netty.channel.nio.NioEventLoop - -Dio.netty.selectorAutoRebuildThreshold: 512
19:07:52.682 [main] TRACE io.netty.channel.nio.NioEventLoop - instrumented a special java.util.Set into: sun.nio.ch.WEPollSelectorImpl@3f9270ed
19:07:52.685 [main] TRACE io.netty.channel.nio.NioEventLoop - instrumented a special java.util.Set into: sun.nio.ch.WEPollSelectorImpl@249e0271
19:07:52.687 [main] TRACE io.netty.channel.nio.NioEventLoop - instrumented a special java.util.Set into: sun.nio.ch.WEPollSelectorImpl@4893b344
19:07:52.690 [main] TRACE io.netty.channel.nio.NioEventLoop - instrumented a special java.util.Set into: sun.nio.ch.WEPollSelectorImpl@53a665ad
19:07:52.692 [main] TRACE io.netty.channel.nio.NioEventLoop - instrumented a special java.util.Set into: sun.nio.ch.WEPollSelectorImpl@2c0b4c83
19:07:52.694 [main] TRACE io.netty.channel.nio.NioEventLoop - instrumented a special java.util.Set into: sun.nio.ch.WEPollSelectorImpl@78525ef9
19:07:52.696 [main] TRACE io.netty.channel.nio.NioEventLoop - instrumented a special java.util.Set into: sun.nio.ch.WEPollSelectorImpl@2d0ecb24
19:07:52.699 [main] TRACE io.netty.channel.nio.NioEventLoop - instrumented a special java.util.Set into: sun.nio.ch.WEPollSelectorImpl@4d654825
19:07:52.728 [main] DEBUG io.netty.buffer.PooledByteBufAllocator - -Dio.netty.allocator.numHeapArenas: 8
19:07:52.728 [main] DEBUG io.netty.buffer.PooledByteBufAllocator - -Dio.netty.allocator.numDirectArenas: 8
19:07:52.728 [main] DEBUG io.netty.buffer.PooledByteBufAllocator - -Dio.netty.allocator.pageSize: 8192
19:07:52.728 [main] DEBUG io.netty.buffer.PooledByteBufAllocator - -Dio.netty.allocator.maxOrder: 9
19:07:52.728 [main] DEBUG io.netty.buffer.PooledByteBufAllocator - -Dio.netty.allocator.chunkSize: 4194304
19:07:52.728 [main] DEBUG io.netty.buffer.PooledByteBufAllocator - -Dio.netty.allocator.smallCacheSize: 256
19:07:52.729 [main] DEBUG io.netty.buffer.PooledByteBufAllocator - -Dio.netty.allocator.normalCacheSize: 64
19:07:52.729 [main] DEBUG io.netty.buffer.PooledByteBufAllocator - -Dio.netty.allocator.maxCachedBufferCapacity: 32768
19:07:52.729 [main] DEBUG io.netty.buffer.PooledByteBufAllocator - -Dio.netty.allocator.cacheTrimInterval: 8192
19:07:52.729 [main] DEBUG io.netty.buffer.PooledByteBufAllocator - -Dio.netty.allocator.cacheTrimIntervalMillis: 0
19:07:52.729 [main] DEBUG io.netty.buffer.PooledByteBufAllocator - -Dio.netty.allocator.useCacheForAllThreads: false
19:07:52.729 [main] DEBUG io.netty.buffer.PooledByteBufAllocator - -Dio.netty.allocator.maxCachedByteBuffersPerChunk: 1023
19:07:52.741 [main] DEBUG io.netty.buffer.ByteBufUtil - -Dio.netty.allocator.type: pooled
19:07:52.741 [main] DEBUG io.netty.buffer.ByteBufUtil - -Dio.netty.threadLocalDirectBufferSize: 0
19:07:52.741 [main] DEBUG io.netty.buffer.ByteBufUtil - -Dio.netty.maxThreadLocalCharBufferSize: 16384
19:07:53.471 [Forwarding newSession on session null to remote] DEBUG io.netty.channel.DefaultChannelId - -Dio.netty.processId: 12324 (auto-detected)
19:07:53.475 [Forwarding newSession on session null to remote] DEBUG io.netty.util.NetUtil - -Djava.net.preferIPv4Stack: false
19:07:53.475 [Forwarding newSession on session null to remote] DEBUG io.netty.util.NetUtil - -Djava.net.preferIPv6Addresses: false
19:07:53.492 [Forwarding newSession on session null to remote] DEBUG io.netty.util.NetUtilInitializations - Loopback interface: lo (Software Loopback Interface 1, 127.0.0.1)
19:07:53.494 [Forwarding newSession on session null to remote] DEBUG io.netty.util.NetUtil - Failed to get SOMAXCONN from sysctl and file \proc\sys\net\core\somaxconn. Default: 200
19:07:53.535 [Forwarding newSession on session null to remote] DEBUG io.netty.channel.DefaultChannelId - -Dio.netty.machineId: ac:d5:64:ff:fe:61:1a:e9 (auto-detected)
19:07:53.619 [AsyncHttpClient-1-2] DEBUG io.netty.buffer.AbstractByteBuf - -Dio.netty.buffer.checkAccessible: true
19:07:53.619 [AsyncHttpClient-1-2] DEBUG io.netty.buffer.AbstractByteBuf - -Dio.netty.buffer.checkBounds: true
19:07:53.619 [AsyncHttpClient-1-2] DEBUG io.netty.util.ResourceLeakDetectorFactory - Loaded default ResourceLeakDetector: io.netty.util.ResourceLeakDetector@1f09472a
19:07:53.654 [AsyncHttpClient-1-2] DEBUG io.netty.util.Recycler - -Dio.netty.recycler.maxCapacityPerThread: 4096
19:07:53.654 [AsyncHttpClient-1-2] DEBUG io.netty.util.Recycler - -Dio.netty.recycler.ratio: 8
19:07:53.654 [AsyncHttpClient-1-2] DEBUG io.netty.util.Recycler - -Dio.netty.recycler.chunkSize: 32
19:07:53.655 [AsyncHttpClient-1-2] DEBUG io.netty.util.Recycler - -Dio.netty.recycler.blocking: false
19:07:54.556 [AsyncHttpClient-1-2] DEBUG io.netty.handler.codec.compression.Brotli - brotli4j not in the classpath; Brotli support will be unavailable.
19:07:54.799 [main] DEBUG io.netty.util.internal.ThreadLocalRandom - -Dio.netty.initialSeedUniquifier: 0xbfa6714c5ebaeab3
19:07:54.897 [main] INFO  testCases.TC_001_AccountRegistration - starting TC_001_AccountRegistration
19:07:56.901 [main] INFO  testCases.TC_001_AccountRegistration - Home Page Displayed 
19:07:57.134 [main] INFO  testCases.TC_001_AccountRegistration - clicked on my account
19:07:57.857 [main] INFO  testCases.TC_001_AccountRegistration - clicked ony Register
19:07:57.999 [main] INFO  testCases.TC_001_AccountRegistration - Provided First Name 
19:07:58.122 [main] INFO  testCases.TC_001_AccountRegistration - Provided Last Name 
19:07:58.253 [main] INFO  testCases.TC_001_AccountRegistration - Provided Email 
19:08:08.297 [main] FATAL testCases.TC_001_AccountRegistration - Account registration failed
19:08:08.313 [AsyncHttpClient-1-4] TRACE io.netty.handler.codec.http.websocketx.WebSocket08FrameEncoder - Encoding WebSocket Frame opCode=8 length=26
19:33:57.932 [main] INFO  testCases.TC_001_AccountRegistration - starting TC_001_AccountRegistration
19:33:57.936 [main] INFO  testCases.TC_001_AccountRegistration - launching application
19:34:06.327 [main] FATAL testCases.TC_001_AccountRegistration - Account registration failed
19:35:07.983 [main] INFO  testCases.TC_001_AccountRegistration - starting TC_001_AccountRegistration
19:35:07.987 [main] INFO  testCases.TC_001_AccountRegistration - launching application
19:35:12.079 [main] INFO  testCases.TC_001_AccountRegistration - clickinyg ony mny inyfo-->regisbtrabtiony linyk
19:35:12.824 [main] INFO  testCases.TC_001_AccountRegistration - clicked on my account
19:35:13.879 [main] INFO  testCases.TC_001_AccountRegistration - clicked ony Register
19:35:14.031 [main] INFO  testCases.TC_001_AccountRegistration - Provided First Name 
19:35:14.183 [main] INFO  testCases.TC_001_AccountRegistration - Provided Last Name 
19:35:14.311 [main] INFO  testCases.TC_001_AccountRegistration - Provided Email 
19:35:14.423 [main] INFO  testCases.TC_001_AccountRegistration - Provided Telephone 
19:35:14.526 [main] INFO  testCases.TC_001_AccountRegistration - Provided Password 
19:35:14.619 [main] INFO  testCases.TC_001_AccountRegistration - Provided Confrmed Password 
19:35:14.689 [main] INFO  testCases.TC_001_AccountRegistration - Set Privacy Policy 
19:35:17.459 [main] INFO  testCases.TC_001_AccountRegistration - Clicked on Continue 
19:35:17.521 [main] INFO  testCases.TC_001_AccountRegistration - Account Registration Success 
19:35:17.523 [main] INFO  testCases.TC_001_AccountRegistration - finished Tc_001_AccountRegistration
22:50:38.144 [main] INFO  testCases.TC_001_AccountRegistration - starting TC_001_AccountRegistration
22:50:38.149 [main] INFO  testCases.TC_001_AccountRegistration - launching application
22:50:39.181 [main] INFO  testCases.TC_001_AccountRegistration - clickinyg ony mny inyfo-->regisbtrabtiony linyk
22:50:39.629 [main] INFO  testCases.TC_001_AccountRegistration - clicked on my account
22:50:40.176 [main] INFO  testCases.TC_001_AccountRegistration - clicked ony Register
22:50:40.334 [main] INFO  testCases.TC_001_AccountRegistration - Provided First Name 
22:50:40.456 [main] INFO  testCases.TC_001_AccountRegistration - Provided Last Name 
22:50:40.614 [main] INFO  testCases.TC_001_AccountRegistration - Provided Email 
22:50:40.739 [main] INFO  testCases.TC_001_AccountRegistration - Provided Telephone 
22:50:40.848 [main] INFO  testCases.TC_001_AccountRegistration - Provided Password 
22:50:40.949 [main] INFO  testCases.TC_001_AccountRegistration - Provided Confrmed Password 
22:50:41.019 [main] INFO  testCases.TC_001_AccountRegistration - Set Privacy Policy 
22:50:43.832 [main] INFO  testCases.TC_001_AccountRegistration - Clicked on Continue 
22:50:43.913 [main] INFO  testCases.TC_001_AccountRegistration - Account Registration Success 
22:50:43.913 [main] INFO  testCases.TC_001_AccountRegistration - finished Tc_001_AccountRegistration
22:51:15.765 [TestNG-tests-2] INFO  testCases.TC_001_AccountRegistration - starting TC_001_AccountRegistration
22:51:15.769 [TestNG-tests-2] INFO  testCases.TC_001_AccountRegistration - launching application
22:51:15.778 [TestNG-tests-1] INFO  testCases.TC_001_AccountRegistration - starting TC_001_AccountRegistration
22:51:15.779 [TestNG-tests-1] INFO  testCases.TC_001_AccountRegistration - launching application
22:51:17.105 [TestNG-tests-1] INFO  testCases.TC_001_AccountRegistration - clickinyg ony mny inyfo-->regisbtrabtiony linyk
22:51:17.381 [TestNG-tests-1] INFO  testCases.TC_001_AccountRegistration - clicked on my account
22:51:18.205 [TestNG-tests-1] INFO  testCases.TC_001_AccountRegistration - clicked ony Register
22:51:18.341 [TestNG-tests-1] INFO  testCases.TC_001_AccountRegistration - Provided First Name 
22:51:18.794 [TestNG-tests-1] INFO  testCases.TC_001_AccountRegistration - Provided Last Name 
22:51:19.349 [TestNG-tests-1] INFO  testCases.TC_001_AccountRegistration - Provided Email 
22:51:19.509 [TestNG-tests-2] INFO  testCases.TC_001_AccountRegistration - clickinyg ony mny inyfo-->regisbtrabtiony linyk
22:51:19.673 [TestNG-tests-1] INFO  testCases.TC_001_AccountRegistration - Provided Telephone 
22:51:19.768 [TestNG-tests-2] INFO  testCases.TC_001_AccountRegistration - clicked on my account
22:51:20.000 [TestNG-tests-1] INFO  testCases.TC_001_AccountRegistration - Provided Password 
22:51:20.154 [TestNG-tests-1] INFO  testCases.TC_001_AccountRegistration - Provided Confrmed Password 
22:51:20.238 [TestNG-tests-1] INFO  testCases.TC_001_AccountRegistration - Set Privacy Policy 
22:51:20.590 [TestNG-tests-2] INFO  testCases.TC_001_AccountRegistration - clicked ony Register
22:51:20.705 [TestNG-tests-2] INFO  testCases.TC_001_AccountRegistration - Provided First Name 
22:51:20.812 [TestNG-tests-2] INFO  testCases.TC_001_AccountRegistration - Provided Last Name 
22:51:20.934 [TestNG-tests-2] INFO  testCases.TC_001_AccountRegistration - Provided Email 
22:51:21.051 [TestNG-tests-2] INFO  testCases.TC_001_AccountRegistration - Provided Telephone 
22:51:21.142 [TestNG-tests-2] INFO  testCases.TC_001_AccountRegistration - Provided Password 
22:51:21.223 [TestNG-tests-2] INFO  testCases.TC_001_AccountRegistration - Provided Confrmed Password 
22:51:21.290 [TestNG-tests-2] INFO  testCases.TC_001_AccountRegistration - Set Privacy Policy 
22:51:23.462 [TestNG-tests-1] INFO  testCases.TC_001_AccountRegistration - Clicked on Continue 
22:51:23.537 [TestNG-tests-1] INFO  testCases.TC_001_AccountRegistration - Account Registration Success 
22:51:23.543 [TestNG-tests-1] INFO  testCases.TC_001_AccountRegistration - finished Tc_001_AccountRegistration
22:51:24.131 [TestNG-tests-2] INFO  testCases.TC_001_AccountRegistration - Clicked on Continue 
22:51:24.186 [TestNG-tests-2] INFO  testCases.TC_001_AccountRegistration - Account Registration Success 
22:51:24.186 [TestNG-tests-2] INFO  testCases.TC_001_AccountRegistration - finished Tc_001_AccountRegistration
22:51:25.461 [TestNG-tests-1] INFO  testCases.TC_001_AccountRegistration - starting TC_001_AccountRegistration
22:51:25.461 [TestNG-tests-1] INFO  testCases.TC_001_AccountRegistration - launching application
22:51:26.351 [TestNG-tests-1] INFO  testCases.TC_001_AccountRegistration - clickinyg ony mny inyfo-->regisbtrabtiony linyk
22:51:26.801 [TestNG-tests-1] INFO  testCases.TC_001_AccountRegistration - clicked on my account
22:51:27.293 [TestNG-tests-1] INFO  testCases.TC_001_AccountRegistration - clicked ony Register
22:51:27.424 [TestNG-tests-1] INFO  testCases.TC_001_AccountRegistration - Provided First Name 
22:51:27.524 [TestNG-tests-1] INFO  testCases.TC_001_AccountRegistration - Provided Last Name 
22:51:27.713 [TestNG-tests-1] INFO  testCases.TC_001_AccountRegistration - Provided Email 
22:51:27.819 [TestNG-tests-1] INFO  testCases.TC_001_AccountRegistration - Provided Telephone 
22:51:27.904 [TestNG-tests-1] INFO  testCases.TC_001_AccountRegistration - Provided Password 
22:51:27.988 [TestNG-tests-1] INFO  testCases.TC_001_AccountRegistration - Provided Confrmed Password 
22:51:28.058 [TestNG-tests-1] INFO  testCases.TC_001_AccountRegistration - Set Privacy Policy 
22:51:30.729 [TestNG-tests-1] INFO  testCases.TC_001_AccountRegistration - Clicked on Continue 
22:51:30.769 [TestNG-tests-1] INFO  testCases.TC_001_AccountRegistration - Account Registration Success 
22:51:30.769 [TestNG-tests-1] INFO  testCases.TC_001_AccountRegistration - finished Tc_001_AccountRegistration
08:43:19.764 [main] INFO  testCases.TC_001_AccountRegistration - Launched chrome browser
08:43:19.838 [main] INFO  testCases.TC_001_AccountRegistration - starting TC_001_AccountRegistration
08:43:32.440 [main] FATAL testCases.TC_001_AccountRegistration - Account registration failed
08:44:02.499 [main] INFO  testCases.TC_001_AccountRegistration - Launched chrome browser
08:44:02.559 [main] INFO  testCases.TC_001_AccountRegistration - starting TC_001_AccountRegistration
08:44:09.128 [main] INFO  testCases.TC_001_AccountRegistration - Home Page Displayed 
08:44:09.309 [main] INFO  testCases.TC_001_AccountRegistration - clickinyg ony mny inyfo-->regisbtrabtiony linyk
08:44:10.424 [main] INFO  testCases.TC_001_AccountRegistration - clicked on my account
08:44:11.972 [main] INFO  testCases.TC_001_AccountRegistration - clicked ony Register
08:44:12.324 [main] INFO  testCases.TC_001_AccountRegistration - Provided First Name 
08:44:12.541 [main] INFO  testCases.TC_001_AccountRegistration - Provided Last Name 
08:44:12.770 [main] INFO  testCases.TC_001_AccountRegistration - Provided Email 
08:44:12.935 [main] INFO  testCases.TC_001_AccountRegistration - Provided Telephone 
08:44:13.118 [main] INFO  testCases.TC_001_AccountRegistration - Provided Password 
08:44:13.342 [main] INFO  testCases.TC_001_AccountRegistration - Provided Confrmed Password 
08:44:13.460 [main] INFO  testCases.TC_001_AccountRegistration - Set Privacy Policy 
08:44:16.968 [main] INFO  testCases.TC_001_AccountRegistration - Clicked on Continue 
08:44:17.033 [main] INFO  testCases.TC_001_AccountRegistration - Account Registration Success 
08:44:17.037 [main] INFO  testCases.TC_001_AccountRegistration - finished Tc_001_AccountRegistration
23:19:02.783 [main] INFO  testCases.TC_001_AccountRegistration - Launched chrome browser
23:19:02.825 [main] INFO  testCases.TC_001_AccountRegistration - starting TC_001_AccountRegistration
23:19:06.388 [main] INFO  testCases.TC_001_AccountRegistration - Home Page Displayed 
23:19:06.563 [main] INFO  testCases.TC_001_AccountRegistration - clickinyg ony mny inyfo-->regisbtrabtiony linyk
23:19:07.213 [main] INFO  testCases.TC_001_AccountRegistration - clicked on my account
23:19:08.289 [main] INFO  testCases.TC_001_AccountRegistration - clicked ony Register
23:19:08.426 [main] INFO  testCases.TC_001_AccountRegistration - Provided First Name 
23:19:08.543 [main] INFO  testCases.TC_001_AccountRegistration - Provided Last Name 
23:19:08.655 [main] INFO  testCases.TC_001_AccountRegistration - Provided Email 
23:19:08.749 [main] INFO  testCases.TC_001_AccountRegistration - Provided Telephone 
23:19:08.895 [main] INFO  testCases.TC_001_AccountRegistration - Provided Password 
23:19:09.077 [main] INFO  testCases.TC_001_AccountRegistration - Provided Confrmed Password 
23:19:09.178 [main] INFO  testCases.TC_001_AccountRegistration - Set Privacy Policy 
23:19:11.948 [main] INFO  testCases.TC_001_AccountRegistration - Clicked on Continue 
23:19:11.987 [main] INFO  testCases.TC_001_AccountRegistration - Account Registration Success 
23:19:11.989 [main] INFO  testCases.TC_001_AccountRegistration - finished Tc_001_AccountRegistration
23:26:52.796 [main] INFO  testCases.TC_001_AccountRegistration - Launched chrome browser
23:26:52.836 [main] INFO  testCases.TC_001_AccountRegistration - starting TC_001_AccountRegistration
23:26:53.486 [main] INFO  testCases.TC_001_AccountRegistration - Home Page Displayed 
23:26:53.661 [main] INFO  testCases.TC_001_AccountRegistration - clickinyg ony mny inyfo-->regisbtrabtiony linyk
23:26:54.086 [main] INFO  testCases.TC_001_AccountRegistration - clicked on my account
23:26:54.591 [main] INFO  testCases.TC_001_AccountRegistration - clicked ony Register
23:26:54.719 [main] INFO  testCases.TC_001_AccountRegistration - Provided First Name 
23:26:54.873 [main] INFO  testCases.TC_001_AccountRegistration - Provided Last Name 
23:26:54.975 [main] INFO  testCases.TC_001_AccountRegistration - Provided Email 
23:26:55.063 [main] INFO  testCases.TC_001_AccountRegistration - Provided Telephone 
23:26:55.149 [main] INFO  testCases.TC_001_AccountRegistration - Provided Password 
23:26:55.245 [main] INFO  testCases.TC_001_AccountRegistration - Provided Confrmed Password 
23:26:55.300 [main] INFO  testCases.TC_001_AccountRegistration - Set Privacy Policy 
23:26:55.385 [main] INFO  testCases.TC_001_AccountRegistration - Clicked on Continue 
23:26:56.416 [main] ERROR testCases.TC_001_AccountRegistration - Account Registration Failed 
23:30:58.248 [main] INFO  testCases.TC_001_AccountRegistration - Launched chrome browser
23:30:58.276 [main] INFO  testCases.TC_001_AccountRegistration - starting TC_001_AccountRegistration
23:30:58.909 [main] INFO  testCases.TC_001_AccountRegistration - Home Page Displayed 
23:30:59.045 [main] INFO  testCases.TC_001_AccountRegistration - clickinyg ony mny inyfo-->regisbtrabtiony linyk
23:30:59.522 [main] INFO  testCases.TC_001_AccountRegistration - clicked on my account
23:30:59.987 [main] INFO  testCases.TC_001_AccountRegistration - clicked ony Register
23:31:00.106 [main] INFO  testCases.TC_001_AccountRegistration - Provided First Name 
23:31:00.207 [main] INFO  testCases.TC_001_AccountRegistration - Provided Last Name 
23:31:00.330 [main] INFO  testCases.TC_001_AccountRegistration - Provided Email 
23:31:00.419 [main] INFO  testCases.TC_001_AccountRegistration - Provided Telephone 
23:31:00.522 [main] INFO  testCases.TC_001_AccountRegistration - Provided Password 
23:31:00.612 [main] INFO  testCases.TC_001_AccountRegistration - Provided Confrmed Password 
23:31:00.671 [main] INFO  testCases.TC_001_AccountRegistration - Set Privacy Policy 
23:31:00.743 [main] INFO  testCases.TC_001_AccountRegistration - Clicked on Continue 
23:31:01.785 [main] ERROR testCases.TC_001_AccountRegistration - Account Registration Failed 
08:46:44.798 [main] INFO  testCases.TC_001_AccountRegistration - Launched chrome browser
08:46:44.882 [main] INFO  testCases.TC_001_AccountRegistration - starting TC_001_AccountRegistration
08:46:47.292 [main] FATAL testCases.TC_001_AccountRegistration - Account registration failed
08:48:08.818 [main] INFO  testCases.TC_001_AccountRegistration - Launched chrome browser
08:48:08.888 [main] INFO  testCases.TC_001_AccountRegistration - starting TC_001_AccountRegistration
08:48:15.001 [main] INFO  testCases.TC_001_AccountRegistration - Home Page Displayed 
08:48:15.161 [main] INFO  testCases.TC_001_AccountRegistration - clickinyg ony mny inyfo-->regisbtrabtiony linyk
08:48:15.873 [main] INFO  testCases.TC_001_AccountRegistration - clicked on my account
08:48:17.160 [main] INFO  testCases.TC_001_AccountRegistration - clicked ony Register
08:48:17.352 [main] INFO  testCases.TC_001_AccountRegistration - Provided First Name 
08:48:17.535 [main] INFO  testCases.TC_001_AccountRegistration - Provided Last Name 
08:48:17.738 [main] INFO  testCases.TC_001_AccountRegistration - Provided Email 
08:48:17.882 [main] INFO  testCases.TC_001_AccountRegistration - Provided Telephone 
08:48:18.033 [main] INFO  testCases.TC_001_AccountRegistration - Provided Password 
08:48:18.209 [main] INFO  testCases.TC_001_AccountRegistration - Provided Confrmed Password 
08:48:18.301 [main] INFO  testCases.TC_001_AccountRegistration - Set Privacy Policy 
08:48:18.431 [main] INFO  testCases.TC_001_AccountRegistration - Clicked on Continue 
08:48:19.517 [main] ERROR testCases.TC_001_AccountRegistration - Account Registration Failed 
08:58:49.248 [main] INFO  testCases.TC_001_AccountRegistration - Launched chrome browser
08:58:49.336 [main] INFO  testCases.TC_001_AccountRegistration - starting TC_001_AccountRegistration
08:58:50.770 [main] INFO  testCases.TC_001_AccountRegistration - Home Page Displayed 
08:58:51.004 [main] INFO  testCases.TC_001_AccountRegistration - clickinyg ony mny inyfo-->regisbtrabtiony linyk
08:58:51.464 [main] INFO  testCases.TC_001_AccountRegistration - clicked on my account
08:58:52.298 [main] INFO  testCases.TC_001_AccountRegistration - clicked ony Register
08:58:52.490 [main] INFO  testCases.TC_001_AccountRegistration - Provided First Name 
08:58:52.631 [main] INFO  testCases.TC_001_AccountRegistration - Provided Last Name 
08:58:52.837 [main] INFO  testCases.TC_001_AccountRegistration - Provided Email 
08:58:52.989 [main] INFO  testCases.TC_001_AccountRegistration - Provided Telephone 
08:58:53.101 [main] INFO  testCases.TC_001_AccountRegistration - Provided Password 
08:58:53.253 [main] INFO  testCases.TC_001_AccountRegistration - Provided Confrmed Password 
08:58:53.341 [main] INFO  testCases.TC_001_AccountRegistration - Set Privacy Policy 
08:58:53.477 [main] INFO  testCases.TC_001_AccountRegistration - Clicked on Continue 
08:58:54.562 [main] ERROR testCases.TC_001_AccountRegistration - Account Registration Failed 
09:46:31.560 [main] INFO  testCases.TC_001_AccountRegistration - Launched chrome browser
09:46:31.598 [main] INFO  testCases.TC_001_AccountRegistration - starting TC_001_AccountRegistration
09:46:46.738 [main] INFO  testCases.TC_001_AccountRegistration - Home Page Displayed 
09:46:46.878 [main] INFO  testCases.TC_001_AccountRegistration - clickinyg ony mny inyfo-->regisbtrabtiony linyk
09:46:46.999 [main] INFO  testCases.TC_001_AccountRegistration - clicked on my account
09:46:48.513 [main] INFO  testCases.TC_001_AccountRegistration - clicked ony Register
09:46:48.670 [main] INFO  testCases.TC_001_AccountRegistration - Provided First Name 
09:46:48.824 [main] INFO  testCases.TC_001_AccountRegistration - Provided Last Name 
09:46:48.955 [main] INFO  testCases.TC_001_AccountRegistration - Provided Email 
09:46:50.013 [main] FATAL testCases.TC_001_AccountRegistration - Account registration failed
09:46:52.566 [main] INFO  testCases.TC_002_Login - Launched chrome browser
09:46:52.611 [main] INFO  testCases.TC_002_Login -  Starting TC_002_Login 
09:47:02.693 [main] INFO  testCases.TC_002_Login - Home Page Displayed 
09:47:02.929 [main] INFO  testCases.TC_002_Login - Clicked on My Account 
09:47:04.017 [main] INFO  testCases.TC_002_Login - Clicked on Login 
09:47:04.270 [main] INFO  testCases.TC_002_Login - Provided Email 
09:47:04.395 [main] INFO  testCases.TC_002_Login - Provided Password 
09:47:05.422 [main] FATAL testCases.TC_002_Login - Login Failed 
17:52:57.632 [main] INFO  testCases.TC_001_AccountRegistration - Launched chrome browser
17:52:57.670 [main] INFO  testCases.TC_001_AccountRegistration - starting TC_001_AccountRegistration
17:53:00.529 [main] INFO  testCases.TC_001_AccountRegistration - Home Page Displayed 
17:53:00.680 [main] INFO  testCases.TC_001_AccountRegistration - clickinyg ony mny inyfo-->regisbtrabtiony linyk
17:53:00.781 [main] INFO  testCases.TC_001_AccountRegistration - clicked on my account
17:53:04.448 [main] INFO  testCases.TC_001_AccountRegistration - clicked ony Register
17:53:04.587 [main] INFO  testCases.TC_001_AccountRegistration - Provided First Name 
17:53:04.707 [main] INFO  testCases.TC_001_AccountRegistration - Provided Last Name 
17:53:04.827 [main] INFO  testCases.TC_001_AccountRegistration - Provided Email 
17:53:05.870 [main] FATAL testCases.TC_001_AccountRegistration - Account registration failed
17:53:07.584 [main] INFO  testCases.TC_002_Login - Launched chrome browser
17:53:07.591 [main] INFO  testCases.TC_002_Login -  Starting TC_002_Login 
17:53:08.420 [main] INFO  testCases.TC_002_Login - Home Page Displayed 
17:53:08.728 [main] INFO  testCases.TC_002_Login - Clicked on My Account 
17:53:09.174 [main] INFO  testCases.TC_002_Login - Clicked on Login 
17:53:09.387 [main] INFO  testCases.TC_002_Login - Provided Email 
17:53:09.492 [main] INFO  testCases.TC_002_Login - Provided Password 
17:53:10.506 [main] FATAL testCases.TC_002_Login - Login Failed 
17:57:58.410 [main] INFO  testCases.TC_001_AccountRegistration - Launched chrome browser
17:57:58.444 [main] INFO  testCases.TC_001_AccountRegistration - starting TC_001_AccountRegistration
17:58:01.531 [main] INFO  testCases.TC_001_AccountRegistration - Home Page Displayed 
17:58:01.670 [main] INFO  testCases.TC_001_AccountRegistration - clickinyg ony mny inyfo-->regisbtrabtiony linyk
17:58:01.782 [main] INFO  testCases.TC_001_AccountRegistration - clicked on my account
17:58:03.070 [main] INFO  testCases.TC_001_AccountRegistration - clicked ony Register
17:58:03.191 [main] INFO  testCases.TC_001_AccountRegistration - Provided First Name 
17:58:03.319 [main] INFO  testCases.TC_001_AccountRegistration - Provided Last Name 
17:58:03.447 [main] INFO  testCases.TC_001_AccountRegistration - Provided Email 
17:58:04.496 [main] FATAL testCases.TC_001_AccountRegistration - Account registration failed
17:58:06.303 [main] INFO  testCases.TC_002_Login - Launched chrome browser
17:58:06.303 [main] INFO  testCases.TC_002_Login -  Starting TC_002_Login 
17:58:08.398 [main] INFO  testCases.TC_002_Login - Home Page Displayed 
17:58:08.615 [main] INFO  testCases.TC_002_Login - Clicked on My Account 
17:58:08.983 [main] INFO  testCases.TC_002_Login - Clicked on Login 
17:58:09.188 [main] INFO  testCases.TC_002_Login - Provided Email 
17:58:09.292 [main] INFO  testCases.TC_002_Login - Provided Password 
17:58:10.336 [main] FATAL testCases.TC_002_Login - Login Failed 
18:00:01.585 [main] INFO  testCases.TC_001_AccountRegistration - Launched chrome browser
18:00:01.628 [main] INFO  testCases.TC_001_AccountRegistration - starting TC_001_AccountRegistration
18:00:02.690 [main] INFO  testCases.TC_001_AccountRegistration - Home Page Displayed 
18:00:02.922 [main] INFO  testCases.TC_001_AccountRegistration - clickinyg ony mny inyfo-->regisbtrabtiony linyk
18:00:03.211 [main] INFO  testCases.TC_001_AccountRegistration - clicked on my account
18:00:04.481 [main] INFO  testCases.TC_001_AccountRegistration - clicked ony Register
18:00:04.606 [main] INFO  testCases.TC_001_AccountRegistration - Provided First Name 
18:00:04.744 [main] INFO  testCases.TC_001_AccountRegistration - Provided Last Name 
18:00:04.859 [main] INFO  testCases.TC_001_AccountRegistration - Provided Email 
18:00:05.900 [main] FATAL testCases.TC_001_AccountRegistration - Account registration failed
18:00:07.586 [main] INFO  testCases.TC_002_Login - Launched chrome browser
18:00:07.586 [main] INFO  testCases.TC_002_Login -  Starting TC_002_Login 
18:00:09.728 [main] INFO  testCases.TC_002_Login - Home Page Displayed 
18:00:09.973 [main] INFO  testCases.TC_002_Login - Clicked on My Account 
18:00:10.364 [main] INFO  testCases.TC_002_Login - Clicked on Login 
18:00:10.568 [main] INFO  testCases.TC_002_Login - Provided Email 
18:00:10.676 [main] INFO  testCases.TC_002_Login - Provided Password 
18:00:11.718 [main] FATAL testCases.TC_002_Login - Login Failed 
18:26:00.457 [main] INFO  testCases.TC_001_AccountRegistration - Launched chrome browser
18:26:00.488 [main] INFO  testCases.TC_001_AccountRegistration - starting TC_001_AccountRegistration
18:26:01.365 [main] INFO  testCases.TC_001_AccountRegistration - Home Page Displayed 
18:26:01.527 [main] INFO  testCases.TC_001_AccountRegistration - clickinyg ony mny inyfo-->regisbtrabtiony linyk
18:26:01.930 [main] INFO  testCases.TC_001_AccountRegistration - clicked on my account
18:26:02.457 [main] INFO  testCases.TC_001_AccountRegistration - clicked ony Register
18:26:02.585 [main] INFO  testCases.TC_001_AccountRegistration - Provided First Name 
18:26:02.685 [main] INFO  testCases.TC_001_AccountRegistration - Provided Last Name 
18:26:02.843 [main] INFO  testCases.TC_001_AccountRegistration - Provided Email 
18:26:02.930 [main] INFO  testCases.TC_001_AccountRegistration - Provided Telephone 
18:26:03.008 [main] INFO  testCases.TC_001_AccountRegistration - Provided Password 
18:26:03.089 [main] INFO  testCases.TC_001_AccountRegistration - Provided Confrmed Password 
18:26:03.148 [main] INFO  testCases.TC_001_AccountRegistration - Set Privacy Policy 
18:26:06.143 [main] INFO  testCases.TC_001_AccountRegistration - Clicked on Continue 
18:26:06.178 [main] INFO  testCases.TC_001_AccountRegistration - Account Registration Success 
18:26:06.181 [main] INFO  testCases.TC_001_AccountRegistration - finished Tc_001_AccountRegistration
18:26:08.075 [main] INFO  testCases.TC_002_Login - Launched chrome browser
18:26:08.089 [main] INFO  testCases.TC_002_Login -  Starting TC_002_Login 
18:26:08.752 [main] INFO  testCases.TC_002_Login - Home Page Displayed 
18:26:09.358 [main] INFO  testCases.TC_002_Login - Clicked on My Account 
18:26:10.627 [main] INFO  testCases.TC_002_Login - Clicked on Login 
18:26:10.773 [main] INFO  testCases.TC_002_Login - Provided Email 
18:26:10.890 [main] INFO  testCases.TC_002_Login - Provided Password 
18:26:11.266 [main] INFO  testCases.TC_002_Login - Clicked on Login
18:26:12.329 [main] ERROR testCases.TC_002_Login - Login Failed 
18:27:03.589 [main] INFO  testCases.TC_001_AccountRegistration - Launched chrome browser
18:27:03.665 [main] INFO  testCases.TC_001_AccountRegistration - starting TC_001_AccountRegistration
18:27:04.581 [main] INFO  testCases.TC_001_AccountRegistration - Home Page Displayed 
18:27:04.789 [main] INFO  testCases.TC_001_AccountRegistration - clickinyg ony mny inyfo-->regisbtrabtiony linyk
18:27:05.031 [main] INFO  testCases.TC_001_AccountRegistration - clicked on my account
18:27:05.551 [main] INFO  testCases.TC_001_AccountRegistration - clicked ony Register
18:27:05.683 [main] INFO  testCases.TC_001_AccountRegistration - Provided First Name 
18:27:05.834 [main] INFO  testCases.TC_001_AccountRegistration - Provided Last Name 
18:27:05.982 [main] INFO  testCases.TC_001_AccountRegistration - Provided Email 
18:27:06.080 [main] INFO  testCases.TC_001_AccountRegistration - Provided Telephone 
18:27:06.178 [main] INFO  testCases.TC_001_AccountRegistration - Provided Password 
18:27:06.269 [main] INFO  testCases.TC_001_AccountRegistration - Provided Confrmed Password 
18:27:06.336 [main] INFO  testCases.TC_001_AccountRegistration - Set Privacy Policy 
18:27:09.061 [main] INFO  testCases.TC_001_AccountRegistration - Clicked on Continue 
18:27:09.109 [main] INFO  testCases.TC_001_AccountRegistration - Account Registration Success 
18:27:09.109 [main] INFO  testCases.TC_001_AccountRegistration - finished Tc_001_AccountRegistration
18:27:10.899 [main] INFO  testCases.TC_002_Login - Launched chrome browser
18:27:10.922 [main] INFO  testCases.TC_002_Login -  Starting TC_002_Login 
18:27:11.570 [main] INFO  testCases.TC_002_Login - Home Page Displayed 
18:27:12.286 [main] INFO  testCases.TC_002_Login - Clicked on My Account 
18:27:12.706 [main] INFO  testCases.TC_002_Login - Clicked on Login 
18:27:12.874 [main] INFO  testCases.TC_002_Login - Provided Email 
18:27:12.983 [main] INFO  testCases.TC_002_Login - Provided Password 
18:27:13.361 [main] INFO  testCases.TC_002_Login - Clicked on Login
18:27:14.376 [main] ERROR testCases.TC_002_Login - Login Failed 
18:29:58.870 [main] INFO  testCases.TC_001_AccountRegistration - Launched chrome browser
18:29:58.928 [main] INFO  testCases.TC_001_AccountRegistration - starting TC_001_AccountRegistration
18:29:59.695 [main] INFO  testCases.TC_001_AccountRegistration - Home Page Displayed 
18:29:59.833 [main] INFO  testCases.TC_001_AccountRegistration - clickinyg ony mny inyfo-->regisbtrabtiony linyk
18:30:00.331 [main] INFO  testCases.TC_001_AccountRegistration - clicked on my account
18:30:00.869 [main] INFO  testCases.TC_001_AccountRegistration - clicked ony Register
18:30:01.004 [main] INFO  testCases.TC_001_AccountRegistration - Provided First Name 
18:30:01.131 [main] INFO  testCases.TC_001_AccountRegistration - Provided Last Name 
18:30:01.274 [main] INFO  testCases.TC_001_AccountRegistration - Provided Email 
18:30:01.375 [main] INFO  testCases.TC_001_AccountRegistration - Provided Telephone 
18:30:01.461 [main] INFO  testCases.TC_001_AccountRegistration - Provided Password 
18:30:01.544 [main] INFO  testCases.TC_001_AccountRegistration - Provided Confrmed Password 
18:30:01.609 [main] INFO  testCases.TC_001_AccountRegistration - Set Privacy Policy 
18:30:04.533 [main] INFO  testCases.TC_001_AccountRegistration - Clicked on Continue 
18:30:04.579 [main] INFO  testCases.TC_001_AccountRegistration - Account Registration Success 
18:30:04.579 [main] INFO  testCases.TC_001_AccountRegistration - finished Tc_001_AccountRegistration
18:30:06.244 [main] INFO  testCases.TC_002_Login - Launched chrome browser
18:30:06.252 [main] INFO  testCases.TC_002_Login -  Starting TC_002_Login 
18:30:06.933 [main] INFO  testCases.TC_002_Login - Home Page Displayed 
18:30:07.588 [main] INFO  testCases.TC_002_Login - Clicked on My Account 
18:30:07.987 [main] INFO  testCases.TC_002_Login - Clicked on Login 
18:30:08.251 [main] INFO  testCases.TC_002_Login - Provided Email 
18:30:08.368 [main] INFO  testCases.TC_002_Login - Provided Password 
18:30:09.009 [main] INFO  testCases.TC_002_Login - Clicked on Login
18:30:09.057 [main] INFO  testCases.TC_002_Login - Login Success 
18:30:09.057 [main] INFO  testCases.TC_002_Login -  Finished TC_002_Login 
20:20:06.338 [main] INFO  testCases.TC_001_AccountRegistration - Launched chrome browser
20:20:06.372 [main] INFO  testCases.TC_001_AccountRegistration - starting TC_001_AccountRegistration
20:20:07.998 [main] INFO  testCases.TC_001_AccountRegistration - Home Page Displayed 
20:20:08.139 [main] INFO  testCases.TC_001_AccountRegistration - clickinyg ony mny inyfo-->regisbtrabtiony linyk
20:20:08.372 [main] INFO  testCases.TC_001_AccountRegistration - clicked on my account
20:20:08.846 [main] INFO  testCases.TC_001_AccountRegistration - clicked ony Register
20:20:08.963 [main] INFO  testCases.TC_001_AccountRegistration - Provided First Name 
20:20:09.113 [main] INFO  testCases.TC_001_AccountRegistration - Provided Last Name 
20:20:09.230 [main] INFO  testCases.TC_001_AccountRegistration - Provided Email 
20:20:09.326 [main] INFO  testCases.TC_001_AccountRegistration - Provided Telephone 
20:20:09.411 [main] INFO  testCases.TC_001_AccountRegistration - Provided Password 
20:20:09.491 [main] INFO  testCases.TC_001_AccountRegistration - Provided Confrmed Password 
20:20:09.548 [main] INFO  testCases.TC_001_AccountRegistration - Set Privacy Policy 
20:20:12.109 [main] INFO  testCases.TC_001_AccountRegistration - Clicked on Continue 
20:20:12.149 [main] INFO  testCases.TC_001_AccountRegistration - Account Registration Success 
20:20:12.149 [main] INFO  testCases.TC_001_AccountRegistration - finished Tc_001_AccountRegistration
20:20:13.937 [main] INFO  testCases.TC_002_Login - Launched chrome browser
20:20:13.945 [main] INFO  testCases.TC_002_Login -  Starting TC_002_Login 
20:20:15.193 [main] INFO  testCases.TC_002_Login - Home Page Displayed 
20:20:15.423 [main] INFO  testCases.TC_002_Login - Clicked on My Account 
20:20:15.896 [main] INFO  testCases.TC_002_Login - Clicked on Login 
20:20:16.056 [main] INFO  testCases.TC_002_Login - Provided Email 
20:20:16.160 [main] INFO  testCases.TC_002_Login - Provided Password 
20:20:16.575 [main] INFO  testCases.TC_002_Login - Clicked on Login
20:20:16.623 [main] INFO  testCases.TC_002_Login - Login Success 
20:20:16.623 [main] INFO  testCases.TC_002_Login -  Finished TC_002_Login 
20:20:17.946 [main] INFO  testCases.TC_003_LoginDDT - Launched chrome browser
20:20:19.260 [main] INFO  testCases.TC_003_LoginDDT -  Starting TC_003_LoginDDT 
20:20:19.915 [main] INFO  testCases.TC_003_LoginDDT - Home Page Displayed 
20:20:20.551 [main] INFO  testCases.TC_003_LoginDDT - Clicked on My Account 
20:20:20.981 [main] INFO  testCases.TC_003_LoginDDT - Clicked on Login 
20:20:21.145 [main] INFO  testCases.TC_003_LoginDDT - Provided Email 
20:20:21.301 [main] INFO  testCases.TC_003_LoginDDT - Provided Password 
20:20:21.658 [main] INFO  testCases.TC_003_LoginDDT - Clicked on Login
20:20:22.680 [main] ERROR testCases.TC_003_LoginDDT - Login Failed 
20:20:22.714 [main] INFO  testCases.TC_003_LoginDDT -  Starting TC_003_LoginDDT 
20:20:22.991 [main] INFO  testCases.TC_003_LoginDDT - Home Page Displayed 
20:20:23.047 [main] INFO  testCases.TC_003_LoginDDT - Clicked on My Account 
20:20:23.394 [main] INFO  testCases.TC_003_LoginDDT - Clicked on Login 
20:20:23.547 [main] INFO  testCases.TC_003_LoginDDT - Provided Email 
20:20:23.641 [main] INFO  testCases.TC_003_LoginDDT - Provided Password 
20:20:24.163 [main] INFO  testCases.TC_003_LoginDDT - Clicked on Login
20:20:25.179 [main] ERROR testCases.TC_003_LoginDDT - Login Failed 
20:20:25.179 [main] INFO  testCases.TC_003_LoginDDT -  Finished TC_003_LoginDDT 
20:20:25.194 [main] INFO  testCases.TC_003_LoginDDT -  Starting TC_003_LoginDDT 
20:20:25.653 [main] INFO  testCases.TC_003_LoginDDT - Home Page Displayed 
20:20:25.705 [main] INFO  testCases.TC_003_LoginDDT - Clicked on My Account 
20:20:25.983 [main] INFO  testCases.TC_003_LoginDDT - Clicked on Login 
20:20:26.087 [main] INFO  testCases.TC_003_LoginDDT - Provided Email 
20:20:26.175 [main] INFO  testCases.TC_003_LoginDDT - Provided Password 
20:20:26.713 [main] INFO  testCases.TC_003_LoginDDT - Clicked on Login
20:20:27.749 [main] ERROR testCases.TC_003_LoginDDT - Login Failed 
20:20:27.749 [main] INFO  testCases.TC_003_LoginDDT -  Finished TC_003_LoginDDT 
20:20:27.765 [main] INFO  testCases.TC_003_LoginDDT -  Starting TC_003_LoginDDT 
20:20:28.065 [main] INFO  testCases.TC_003_LoginDDT - Home Page Displayed 
20:20:28.121 [main] INFO  testCases.TC_003_LoginDDT - Clicked on My Account 
20:20:28.425 [main] INFO  testCases.TC_003_LoginDDT - Clicked on Login 
20:20:28.529 [main] INFO  testCases.TC_003_LoginDDT - Provided Email 
20:20:28.602 [main] INFO  testCases.TC_003_LoginDDT - Provided Password 
20:20:29.036 [main] INFO  testCases.TC_003_LoginDDT - Clicked on Login
20:20:30.078 [main] ERROR testCases.TC_003_LoginDDT - Login Failed 
20:20:30.078 [main] INFO  testCases.TC_003_LoginDDT -  Finished TC_003_LoginDDT 
23:11:12.715 [main] INFO  testCases.TC_001_AccountRegistration - Launched chrome browser
23:11:12.776 [main] INFO  testCases.TC_001_AccountRegistration - starting TC_001_AccountRegistration
23:11:21.259 [main] FATAL testCases.TC_001_AccountRegistration - Account registration failed
23:11:23.758 [main] INFO  testCases.TC_002_Login - Launched chrome browser
23:11:23.786 [main] INFO  testCases.TC_002_Login -  Starting TC_002_Login 
23:11:32.531 [main] FATAL testCases.TC_002_Login - Login Failed 
23:11:35.099 [main] INFO  testCases.TC_003_LoginDDT - Launched chrome browser
23:11:38.658 [main] INFO  testCases.TC_003_LoginDDT -  Starting TC_003_LoginDDT 
23:11:47.976 [main] FATAL testCases.TC_003_LoginDDT - Login Failed 
23:11:47.986 [main] INFO  testCases.TC_003_LoginDDT -  Starting TC_003_LoginDDT 
23:11:56.049 [main] FATAL testCases.TC_003_LoginDDT - Login Failed 
23:11:56.059 [main] INFO  testCases.TC_003_LoginDDT -  Starting TC_003_LoginDDT 
23:12:00.540 [main] FATAL testCases.TC_003_LoginDDT - Login Failed 
23:12:00.556 [main] INFO  testCases.TC_003_LoginDDT -  Starting TC_003_LoginDDT 
23:12:08.544 [main] FATAL testCases.TC_003_LoginDDT - Login Failed 
09:05:00.215 [main] INFO  testCases.TC_001_AccountRegistration - Launched chrome browser
09:05:00.331 [main] INFO  testCases.TC_001_AccountRegistration - starting TC_001_AccountRegistration
09:05:08.739 [main] FATAL testCases.TC_001_AccountRegistration - Account registration failed
09:05:13.344 [main] INFO  testCases.TC_002_Login - Launched chrome browser
09:05:13.361 [main] INFO  testCases.TC_002_Login -  Starting TC_002_Login 
09:05:23.251 [main] FATAL testCases.TC_002_Login - Login Failed 
09:05:26.267 [main] INFO  testCases.TC_003_LoginDDT - Launched chrome browser
